2023-02-01 16:45:54.868  INFO 69143 --- [main] lavalink.server.Launcher                 : Starting Launcher using Java 19.0.2 on home with PID 69143 (/home/max/Source/repo/brennerbot/Lavalink.jar started by max in /home/max/Source/repo/brennerbot)
2023-02-01 16:45:54.872  INFO 69143 --- [main] lavalink.server.Launcher                 : No active profile set, falling back to 1 default profile: "default"
2023-02-01 16:45:55.342  INFO 69143 --- [main] lavalink.server.Launcher                 : Started Launcher in 0.81 seconds (JVM running for 1.24)
2023-02-01 16:45:55.344  INFO 69143 --- [main] lavalink.server.Launcher                 : You can safely ignore the big red warning about illegal reflection. See https://github.com/freyacodes/Lavalink/issues/295
2023-02-01 16:45:55.380  INFO 69143 --- [main] lavalink.server.Launcher                 : 

[32m       .  [31m _                  _ _       _    [32m__ _ _
[32m      /\\ [31m| | __ ___   ____ _| (_)_ __ | | __[32m\ \ \ \
[32m     ( ( )[31m| |/ _` \ \ / / _` | | | '_ \| |/ /[32m \ \ \ \
[32m      \\/ [31m| | (_| |\ V / (_| | | | | | |   < [32m  ) ) ) )
[32m       '  [31m|_|\__,_| \_/ \__,_|_|_|_| |_|_|\_\[32m / / / /
[0m    =========================================[32m/_/_/_/[0m

	Version:        3.7.3
	Build time:     23.01.2023 11:30:01 UTC
	Branch          HEAD
	Commit:         702bb8d
	Commit time:    23.01.2023 11:28:02 UTC
	JVM:            19.0.2
	Lavaplayer      1.3.99.2-original

2023-02-01 16:45:55.385  INFO 69143 --- [main] lavalink.server.Launcher                 : No active profile set, falling back to 1 default profile: "default"
2023-02-01 16:45:55.831  WARN 69143 --- [main] io.undertow.websockets.jsr               : UT026010: Buffer pool was not set on WebSocketDeploymentInfo, the default pool will be used
2023-02-01 16:45:55.848  INFO 69143 --- [main] io.undertow.servlet                      : Initializing Spring embedded WebApplicationContext
2023-02-01 16:45:55.848  INFO 69143 --- [main] w.s.c.ServletWebServerApplicationContext : Root WebApplicationContext: initialization completed in 458 ms
2023-02-01 16:45:55.916  WARN 69143 --- [main] l.server.config.SentryConfiguration      : Turning off sentry
2023-02-01 16:45:56.063  INFO 69143 --- [main] c.s.d.l.tools.GarbageCollectionMonitor   : GC monitoring enabled, reporting results every 2 minutes.
2023-02-01 16:45:56.178  INFO 69143 --- [main] lavalink.server.config.KoeConfiguration  : OS: LINUX, Arch: X86_64
2023-02-01 16:45:56.179  INFO 69143 --- [main] lavalink.server.config.KoeConfiguration  : Enabling JDA-NAS
2023-02-01 16:45:56.181  INFO 69143 --- [main] c.s.l.c.natives.NativeLibraryLoader      : Native library udpqueue: loading with filter null
2023-02-01 16:45:56.186  INFO 69143 --- [main] c.s.l.c.natives.NativeLibraryLoader      : Native library udpqueue: successfully loaded.
2023-02-01 16:45:56.352  INFO 69143 --- [main] io.undertow                              : starting server: Undertow - 2.2.16.Final
2023-02-01 16:45:56.359  INFO 69143 --- [main] org.xnio                                 : XNIO version 3.8.6.Final
2023-02-01 16:45:56.366  INFO 69143 --- [main] org.xnio.nio                             : XNIO NIO Implementation Version 3.8.6.Final
2023-02-01 16:45:56.460  INFO 69143 --- [main] org.jboss.threads                        : JBoss Threads version 3.1.0.Final
2023-02-01 16:45:56.493  INFO 69143 --- [main] o.s.b.w.e.undertow.UndertowWebServer     : Undertow started on port(s) 2333 (http)
2023-02-01 16:45:56.495  INFO 69143 --- [main] lavalink.server.Launcher                 : Started Launcher in 1.149 seconds (JVM running for 2.393)
2023-02-01 16:45:56.496  INFO 69143 --- [main] lavalink.server.Launcher                 : Lavalink is ready to accept connections.
2023-02-01 16:48:42.314  INFO 69143 --- [XNIO-1 task-1] io.undertow.servlet                      : Initializing Spring DispatcherServlet 'dispatcherServlet'
2023-02-01 16:48:42.315  INFO 69143 --- [XNIO-1 task-1] o.s.web.servlet.DispatcherServlet        : Initializing Servlet 'dispatcherServlet'
2023-02-01 16:48:42.315  INFO 69143 --- [XNIO-1 task-1] o.s.web.servlet.DispatcherServlet        : Completed initialization in 0 ms
2023-02-01 16:48:42.325  INFO 69143 --- [XNIO-1 task-1] l.server.io.HandshakeInterceptorImpl     : Incoming connection from /127.0.0.1:50494
2023-02-01 16:48:42.335  INFO 69143 --- [XNIO-1 task-1] lavalink.server.io.RequestLoggingFilter  : GET /, client=127.0.0.1
2023-02-01 16:48:42.438  INFO 69143 --- [XNIO-1 task-1] lavalink.server.io.SocketServer          : Connection successfully established from WaveLink
2023-02-01 16:48:42.446  INFO 69143 --- [XNIO-1 I/O-5] lavalink.server.io.SocketServer          : {"op": "configureResuming", "key": "81576a3b428aa0eb", "timeout": 60}
2023-02-01 16:48:42.447  WARN 69143 --- [XNIO-1 I/O-5] lavalink.server.io.WebSocketHandler      : Sending websocket commands to Lavalink has been deprecated and will be removed in API version 4. API version 3 will be removed in Lavalink 5. Please use the new REST endpoints instead.
2023-02-01 16:49:04.704  INFO 69143 --- [XNIO-1 task-1] l.server.player.AudioLoaderRestHandler   : Got request to load for identifier "https://www.youtube.com/watch?v=_6R6-uPMi8E"
2023-02-01 16:49:04.773  WARN 69143 --- [lava-daemon-pool-info-loader-2-thread-1] c.s.d.l.s.y.YoutubeAccessTokenTracker    : YouTube auth tokens can't be retrieved because email and password is not set in YoutubeAudioSourceManager, age restricted videos will throw exceptions.
2023-02-01 16:49:05.133  INFO 69143 --- [XNIO-1 I/O-5] lavalink.server.io.SocketServer          : {"op": "voiceUpdate", "guildId": "1044512992647204864", "sessionId": "e85289c081b57d1b3bcb356ee61ad8e4", "event": {"token": "a45ee96fe70b0d67", "guild_id": "1044512992647204864", "endpoint": "sydney3469.discord.media:443"}}
2023-02-01 16:49:06.255  INFO 69143 --- [lava-daemon-pool-info-loader-2-thread-1] c.s.d.l.s.y.YoutubeAccessTokenTracker    : Updating YouTube visitor id (current is null).
2023-02-01 16:49:06.652  INFO 69143 --- [lava-daemon-pool-info-loader-2-thread-1] c.s.d.l.s.y.YoutubeAccessTokenTracker    : Updating YouTube visitor id succeeded, new one is CgtlM3ZnREdBLXVwYyiCz-ieBg%3D%3D, next update will be after 600 seconds.
2023-02-01 16:49:06.870  INFO 69143 --- [lava-daemon-pool-info-loader-2-thread-1] lavalink.server.player.AudioLoader       : Loaded track Richardvox - Under the Stars (Canción de Alicia)
2023-02-01 16:49:06.912  INFO 69143 --- [XNIO-1 task-1] lavalink.server.io.RequestLoggingFilter  : GET /loadtracks?identifier=https://www.youtube.com/watch?v%3D_6R6-uPMi8E, client=127.0.0.1
2023-02-01 16:49:06.913  INFO 69143 --- [XNIO-1 I/O-5] lavalink.server.io.SocketServer          : {"op": "play", "guildId": "1044512992647204864", "track": "QAAAlQIAMVJpY2hhcmR2b3ggLSBVbmRlciB0aGUgU3RhcnMgKENhbmNpw7NuIGRlIEFsaWNpYSkACnJpY2hhcmR2b3gAAAAAAANACAALXzZSNi11UE1pOEUAAQAraHR0cHM6Ly93d3cueW91dHViZS5jb20vd2F0Y2g/dj1fNlI2LXVQTWk4RQAHeW91dHViZQAAAAAAAAAA", "noReplace": false}
2023-02-01 16:49:06.928  INFO 69143 --- [XNIO-1 task-1] lavalink.server.io.RequestLoggingFilter  : GET /decodetrack?track=QAAAlQIAMVJpY2hhcmR2b3ggLSBVbmRlciB0aGUgU3RhcnMgKENhbmNpw7NuIGRlIEFsaWNpYSkACnJpY2hhcmR2b3gAAAAAAANACAALXzZSNi11UE1pOEUAAQAraHR0cHM6Ly93d3cueW91dHViZS5jb20vd2F0Y2g/dj1fNlI2LXVQTWk4RQAHeW91dHViZQAAAAAAAAAA, client=127.0.0.1
2023-02-01 16:49:18.871  INFO 69143 --- [XNIO-1 I/O-5] lavalink.server.io.SocketServer          : {"op": "stop", "guildId": "1044512992647204864"}
2023-02-01 16:49:18.877  INFO 69143 --- [XNIO-1 task-1] lavalink.server.io.RequestLoggingFilter  : GET /decodetrack?track=QAAAlQIAMVJpY2hhcmR2b3ggLSBVbmRlciB0aGUgU3RhcnMgKENhbmNpw7NuIGRlIEFsaWNpYSkACnJpY2hhcmR2b3gAAAAAAANACAALXzZSNi11UE1pOEUAAQAraHR0cHM6Ly93d3cueW91dHViZS5jb20vd2F0Y2g/dj1fNlI2LXVQTWk4RQAHeW91dHViZQAAAAAAAC4E, client=127.0.0.1
2023-02-01 16:49:21.917  INFO 69143 --- [XNIO-1 task-1] l.server.player.AudioLoaderRestHandler   : Got request to load for identifier "https://www.youtube.com/watch?v=_6R6-uPMi8E"
2023-02-01 16:49:22.168  INFO 69143 --- [lava-daemon-pool-info-loader-2-thread-1] lavalink.server.player.AudioLoader       : Loaded track Richardvox - Under the Stars (Canción de Alicia)
2023-02-01 16:49:22.170  INFO 69143 --- [XNIO-1 task-1] lavalink.server.io.RequestLoggingFilter  : GET /loadtracks?identifier=https://www.youtube.com/watch?v%3D_6R6-uPMi8E, client=127.0.0.1
2023-02-01 16:49:22.171  INFO 69143 --- [XNIO-1 I/O-5] lavalink.server.io.SocketServer          : {"op": "play", "guildId": "1044512992647204864", "track": "QAAAlQIAMVJpY2hhcmR2b3ggLSBVbmRlciB0aGUgU3RhcnMgKENhbmNpw7NuIGRlIEFsaWNpYSkACnJpY2hhcmR2b3gAAAAAAANACAALXzZSNi11UE1pOEUAAQAraHR0cHM6Ly93d3cueW91dHViZS5jb20vd2F0Y2g/dj1fNlI2LXVQTWk4RQAHeW91dHViZQAAAAAAAAAA", "noReplace": false}
2023-02-01 16:49:22.174  INFO 69143 --- [XNIO-1 task-1] lavalink.server.io.RequestLoggingFilter  : GET /decodetrack?track=QAAAlQIAMVJpY2hhcmR2b3ggLSBVbmRlciB0aGUgU3RhcnMgKENhbmNpw7NuIGRlIEFsaWNpYSkACnJpY2hhcmR2b3gAAAAAAANACAALXzZSNi11UE1pOEUAAQAraHR0cHM6Ly93d3cueW91dHViZS5jb20vd2F0Y2g/dj1fNlI2LXVQTWk4RQAHeW91dHViZQAAAAAAAAAA, client=127.0.0.1
2023-02-01 16:49:27.032  INFO 69143 --- [XNIO-1 I/O-5] lavalink.server.io.SocketServer          : {"op": "stop", "guildId": "1044512992647204864"}
2023-02-01 16:49:27.034  INFO 69143 --- [XNIO-1 task-1] lavalink.server.io.RequestLoggingFilter  : GET /decodetrack?track=QAAAlQIAMVJpY2hhcmR2b3ggLSBVbmRlciB0aGUgU3RhcnMgKENhbmNpw7NuIGRlIEFsaWNpYSkACnJpY2hhcmR2b3gAAAAAAANACAALXzZSNi11UE1pOEUAAQAraHR0cHM6Ly93d3cueW91dHViZS5jb20vd2F0Y2g/dj1fNlI2LXVQTWk4RQAHeW91dHViZQAAAAAAABJI, client=127.0.0.1
2023-02-01 16:49:30.807  INFO 69143 --- [XNIO-1 task-1] l.server.player.AudioLoaderRestHandler   : Got request to load for identifier "https://www.youtube.com/watch?v=_6R6-uPMi8E"
2023-02-01 16:49:31.055  INFO 69143 --- [lava-daemon-pool-info-loader-2-thread-1] lavalink.server.player.AudioLoader       : Loaded track Richardvox - Under the Stars (Canción de Alicia)
2023-02-01 16:49:31.056  INFO 69143 --- [XNIO-1 task-1] lavalink.server.io.RequestLoggingFilter  : GET /loadtracks?identifier=https://www.youtube.com/watch?v%3D_6R6-uPMi8E, client=127.0.0.1
2023-02-01 16:49:31.057  INFO 69143 --- [XNIO-1 I/O-5] lavalink.server.io.SocketServer          : {"op": "play", "guildId": "1044512992647204864", "track": "QAAAlQIAMVJpY2hhcmR2b3ggLSBVbmRlciB0aGUgU3RhcnMgKENhbmNpw7NuIGRlIEFsaWNpYSkACnJpY2hhcmR2b3gAAAAAAANACAALXzZSNi11UE1pOEUAAQAraHR0cHM6Ly93d3cueW91dHViZS5jb20vd2F0Y2g/dj1fNlI2LXVQTWk4RQAHeW91dHViZQAAAAAAAAAA", "noReplace": false}
2023-02-01 16:49:31.059  INFO 69143 --- [XNIO-1 task-1] lavalink.server.io.RequestLoggingFilter  : GET /decodetrack?track=QAAAlQIAMVJpY2hhcmR2b3ggLSBVbmRlciB0aGUgU3RhcnMgKENhbmNpw7NuIGRlIEFsaWNpYSkACnJpY2hhcmR2b3gAAAAAAANACAALXzZSNi11UE1pOEUAAQAraHR0cHM6Ly93d3cueW91dHViZS5jb20vd2F0Y2g/dj1fNlI2LXVQTWk4RQAHeW91dHViZQAAAAAAAAAA, client=127.0.0.1
